----------
(-1e+09:0), (1e+09:0), 
3 7
(-1e+09:0)
(1e+09:0)
left -1e+09:0
right 1e+09:0
left 0 right 0
del area 0
vishe
add left 24.5
area 1 49
----------
(-1e+09:0), (3:7), (1e+09:0), 
10 50
(3:7)
(1e+09:0)
left -1e+09:0
right 1e+09:0
left 1 right 0
del area 0
vishe
add left 1250
area 2 2500
----------
(-1e+09:0), (10:50), (1e+09:0), 
31 51
(10:50)
(1e+09:0)
left 10:50
right 1e+09:0
left 0 right 0
del area 1250
vishe
add left 950.5
area 3 3501
----------
(-1e+09:0), (10:50), (31:51), (1e+09:0), 
94 58
(31:51)
(1e+09:0)
left 31:51
right 1e+09:0
left 0 right 0
del area 2200.5
vishe
add left 2453.5
area 4 6336
----------
(-1e+09:0), (10:50), (31:51), (94:58), (1e+09:0), 
83 7
(31:51)
(94:58)
left 31:51
right 94:58
left 0 right 0
del area 3882.5
nizhe
0 1
area 5 6336
----------
(-1e+09:0), (10:50), (31:51), (94:58), (1e+09:0), 
50 50
(31:51)
(94:58)
left 31:51
right 94:58
left 0 right 0
del area 3882.5
vishe
add left 869.5
area 6 6660
----------
(-1e+09:0), (10:50), (31:51), (50:50), (94:58), (1e+09:0), 
51 51
(50:50)
(94:58)
left 50:50
right 94:58
left 0 right 0
del area 4752
vishe
add left 50.5
area 7 6696
----------
(-1e+09:0), (10:50), (31:51), (50:50), (51:51), (94:58), (1e+09:0), 
54 58
(51:51)
(94:58)
left 31:51
right 94:58
left 2 right 0
del area 3882.5
vishe
add left 1133.5
area 8 6936
----------
(-1e+09:0), (10:50), (31:51), (54:58), (94:58), (1e+09:0), 
63 7
(54:58)
(94:58)
left 54:58
right 94:58
left 0 right 0
del area 5016
nizhe
1 1
area 9 6936
----------
(-1e+09:0), (10:50), (31:51), (54:58), (94:58), (1e+09:0), 
90 50
(54:58)
(94:58)
left 54:58
right 94:58
left 0 right 0
del area 5016
nizhe
0 1
area 10 6936
----------
(-1e+09:0), (10:50), (31:51), (54:58), (94:58), (1e+09:0), 
71 51
(54:58)
(94:58)
left 54:58
right 94:58
left 0 right 0
del area 5016
vishe
add left 866.5
area 11 7016
----------
(-1e+09:0), (10:50), (31:51), (54:58), (71:51), (94:58), (1e+09:0), 
14 58
(10:50)
(31:51)
left -1e+09:0
right 31:51
left 1 right 0
del area 4815.5
vishe
add left 1682
area 12 7364
----------
(-1e+09:0), (14:58), (31:51), (54:58), (71:51), (94:58), (1e+09:0), 
43 7
(31:51)
(54:58)
left 31:51
right 54:58
left 0 right 0
del area 6230.5
nizhe
1 1
area 13 7364
Case #1: 74630.0000000000
