Case #1: 1 1
Case #2: 2 0
Case #3: 2 0
Case #4: 179 0
Case #5: 500 0
Case #6: 500 0
Case #7: 201 1
Case #8: 166 1
Case #9: 1 1
Case #10: 500 0
Case #11: 241 0
Case #12: 186 1
Case #13: 1000 0
Case #14: 210 1
Case #15: 215 0
Case #16: 244 108
Case #17: 175 1
Case #18: 213 1
Case #19: 190 0
Case #20: 222 107
Case #21: 207 102
Case #22: 234 102
Case #23: 207 109
Case #24: 201 0
Case #25: 176 1
Case #26: 240 106
Case #27: 209 1
Case #28: 185 0
Case #29: 500 0
Case #30: 500 0
Case #31: 2 0
Case #32: 216 1
Case #33: 177 110
Case #34: 243 100
Case #35: 185 1
Case #36: 209 107
Case #37: 220 1
Case #38: 182 110
Case #39: 169 100
Case #40: 248 102
Case #41: 241 102
Case #42: 189 0
Case #43: 183 0
Case #44: 500 0
Case #45: 217 102
Case #46: 210 107
Case #47: 248 0
Case #48: 1 0
Case #49: 219 1
Case #50: 500 0
Case #51: 500 0
Case #52: 170 102
Case #53: 188 0
Case #54: 194 100
Case #55: 214 104
Case #56: 500 0
Case #57: 210 1
Case #58: 226 110
Case #59: 513 487
Case #60: 168 0
Case #61: 238 100
Case #62: 198 104
Case #63: 221 0
Case #64: 239 105
Case #65: 500 0
Case #66: 174 101
Case #67: 247 104
Case #68: 500 0
Case #69: 191 100
Case #70: 169 0
Case #71: 3 0
Case #72: 236 101
Case #73: 236 1
Case #74: 240 0
Case #75: 223 105
Case #76: 529 0
Case #77: 248 0
Case #78: 227 0
Case #79: 243 104
Case #80: 499 0
Case #81: 180 1
Case #82: 203 106
Case #83: 202 0
Case #84: 500 0
Case #85: 182 107
Case #86: 500 0
Case #87: 183 0
Case #88: 508 492
Case #89: 500 0
Case #90: 247 110
Case #91: 240 0
Case #92: 203 101
Case #93: 214 104
Case #94: 241 107
Case #95: 180 1
Case #96: 195 0
Case #97: 500 1
Case #98: 173 101
Case #99: 242 1
Case #100: 175 1
